<?xml version="1.0" encoding="UTF-8" ?>
<testsuite tests="4" failures="0" name="com.mycompany.unicafe.MaksukorttiTest" time="0.051" errors="0" skipped="0">
  <properties>
[...]
</properties>
  <testcase classname="com.mycompany.unicafe.MaksukorttiTest" name="rahanLataaminenKasvattaaSaldoaOikein" time="0"/>
  <testcase classname="com.mycompany.unicafe.MaksukorttiTest" name="luotuKorttiOlemassa" time="0"/>
  <testcase classname="com.mycompany.unicafe.MaksukorttiTest" name="rahanOttaminenToimii" time="0"/>
  <testcase classname="com.mycompany.unicafe.MaksukorttiTest" name="kortinSaldoAlussaOikein" time="0"/>
</testsuite>